{"timestamp_utc": "2026-03-16T20:08:15.840744+00:00", "institution_id": "SYSTEM", "event_type": "EPOCH_ROTATION", "payload_hash": 1434061511715998233, "data": {"status": "New epoch key generated for zero-knowledge masking"}}
{"timestamp_utc": "2026-03-16T20:08:21.653895+00:00", "institution_id": "SYSTEM", "event_type": "EPOCH_ROTATION", "payload_hash": -4824683978175975936, "data": {"status": "New epoch key generated for zero-knowledge masking"}}
{"timestamp_utc": "2026-03-16T20:08:35.476916+00:00", "institution_id": "SYSTEM", "event_type": "EPOCH_ROTATION", "payload_hash": -2714165107765430182, "data": {"status": "New epoch key generated for zero-knowledge masking"}}
{"timestamp_utc": "2026-03-16T20:13:15.282266+00:00", "institution_id": "SYSTEM", "event_type": "EPOCH_ROTATION", "payload_hash": -3122397411190771226, "data": {"status": "New epoch key generated for zero-knowledge masking"}}
{"timestamp_utc": "2026-03-16T21:58:07.691585+00:00", "institution_id": "SYSTEM", "event_type": "EPOCH_ROTATION", "payload_hash": -2638747869880522160, "data": {"status": "New epoch key generated for zero-knowledge masking"}}
{"timestamp_utc": "2026-03-16T22:02:59.582847+00:00", "institution_id": "BNK-HDFC", "event_type": "FL_SYNC_TRIGGERED", "payload_hash": -8879719872470872033, "data": {"status": "Starting Federated Learning Global Sync across participating banks."}}
{"timestamp_utc": "2026-03-16T22:03:13.259880+00:00", "institution_id": "BNK-HDFC", "event_type": "FL_SYNC_TRIGGERED", "payload_hash": -8879719872470872033, "data": {"status": "Starting Federated Learning Global Sync across participating banks."}}
{"timestamp_utc": "2026-03-16T22:45:31.317714+00:00", "institution_id": "SYSTEM", "event_type": "EPOCH_ROTATION", "payload_hash": 6893525789002333860, "data": {"status": "New epoch key generated for zero-knowledge masking"}}
{"timestamp_utc": "2026-03-17T02:38:43.696473+00:00", "institution_id": "SYSTEM", "event_type": "EPOCH_ROTATION", "payload_hash": 7178620926561985877, "data": {"status": "New epoch key generated for zero-knowledge masking"}}
{"timestamp_utc": "2026-03-17T03:14:56.100285+00:00", "institution_id": "SYSTEM", "event_type": "EPOCH_ROTATION", "payload_hash": 3523538792229892963, "data": {"status": "New epoch key generated for zero-knowledge masking"}}
{"timestamp_utc": "2026-03-17T03:16:55.915199+00:00", "institution_id": "BNK-HDFC", "event_type": "LOGIN_SUCCESS", "payload_hash": 2414300866043536414, "data": {"role": "admin", "mfa_verified": true}}
{"timestamp_utc": "2026-03-17T03:17:37.991681+00:00", "institution_id": "BNK-HDFC", "event_type": "LOGIN_SUCCESS", "payload_hash": 2414300866043536414, "data": {"role": "admin", "mfa_verified": true}}
{"timestamp_utc": "2026-03-17T03:38:57.921448+00:00", "institution_id": "BNK-HDFC", "event_type": "LOGIN_SUCCESS", "payload_hash": 2414300866043536414, "data": {"role": "admin", "mfa_verified": true}}
{"timestamp_utc": "2026-03-17T04:56:22.023909+00:00", "institution_id": "SYSTEM", "event_type": "EPOCH_ROTATION", "payload_hash": -1284223345654313463, "data": {"status": "New epoch key generated for zero-knowledge masking"}}
{"timestamp_utc": "2026-03-17T04:59:30.511972+00:00", "institution_id": "BNK-HDFC", "event_type": "LOGIN_SUCCESS", "payload_hash": 4196248457973584537, "data": {"role": "admin", "mfa_verified": true}}
{"timestamp_utc": "2026-03-17T05:04:48.305590+00:00", "institution_id": "BNK-HDFC", "event_type": "PSI_INTERSECTION_EXECUTED", "payload_hash": -3686525289931175939, "data": {"match_count": 2}}
{"timestamp_utc": "2026-03-17T05:04:51.286065+00:00", "institution_id": "BNK-HDFC", "event_type": "PSI_INTERSECTION_EXECUTED", "payload_hash": -3686525289931175939, "data": {"match_count": 2}}
{"timestamp_utc": "2026-03-17T05:07:32.430640+00:00", "institution_id": "BNK-HDFC", "event_type": "PSI_INTERSECTION_EXECUTED", "payload_hash": -3686525289931175939, "data": {"match_count": 2}}
{"timestamp_utc": "2026-03-17T06:03:43.538758+00:00", "institution_id": "BNK-HDFC", "event_type": "LOGIN_SUCCESS", "payload_hash": 4196248457973584537, "data": {"role": "admin", "mfa_verified": true}}
{"timestamp_utc": "2026-03-17T06:14:09.011686+00:00", "institution_id": "BNK-HDFC", "event_type": "PSI_INTERSECTION_EXECUTED", "payload_hash": -3686525289931175939, "data": {"match_count": 2}}
{"timestamp_utc": "2026-03-17T06:19:50.828676+00:00", "institution_id": "SYSTEM", "event_type": "EPOCH_ROTATION", "payload_hash": 2283007210251469930, "data": {"status": "New epoch key generated for zero-knowledge masking"}}
{"timestamp_utc": "2026-03-17T06:46:26.887095+00:00", "institution_id": "BNK-HDFC", "event_type": "LOGIN_SUCCESS", "payload_hash": 4196248457973584537, "data": {"role": "admin", "mfa_verified": true}}
{"timestamp_utc": "2026-03-17T07:42:32.782565+00:00", "institution_id": "BNK-HDFC", "event_type": "LOGIN_SUCCESS", "payload_hash": 4196248457973584537, "data": {"role": "admin", "mfa_verified": true}}
{"timestamp_utc": "2026-03-17T09:01:36.936377+00:00", "institution_id": "BNK-HDFC", "event_type": "LOGIN_SUCCESS", "payload_hash": -503290143644825460, "data": {"role": "admin", "mfa_verified": true}}
{"timestamp_utc": "2026-03-17T09:03:35.071510+00:00", "institution_id": "BNK-HDFC", "event_type": "PSI_INTERSECTION_EXECUTED", "payload_hash": 5568067326194068142, "data": {"match_count": 2}}
{"timestamp_utc": "2026-03-17T09:45:49.398359+00:00", "institution_id": "BNK-HDFC", "event_type": "LOGIN_SUCCESS", "payload_hash": -503290143644825460, "data": {"role": "admin", "mfa_verified": true}}
{"timestamp_utc": "2026-03-17T09:55:25.770013+00:00", "institution_id": "BNK-HDFC", "event_type": "LOGIN_SUCCESS", "payload_hash": -503290143644825460, "data": {"role": "admin", "mfa_verified": true}}
{"timestamp_utc": "2026-03-17T10:45:45.505116+00:00", "institution_id": "BNK-HDFC", "event_type": "LOGIN_SUCCESS", "payload_hash": -503290143644825460, "data": {"role": "admin", "mfa_verified": true}}
{"timestamp_utc": "2026-03-17T12:19:40.084184+00:00", "institution_id": "BNK-HDFC", "event_type": "LOGIN_SUCCESS", "payload_hash": -503290143644825460, "data": {"role": "admin", "mfa_verified": true}}
{"timestamp_utc": "2026-03-17T12:24:21.747367+00:00", "institution_id": "BNK-HDFC", "event_type": "PSI_INTERSECTION_EXECUTED", "payload_hash": 5568067326194068142, "data": {"match_count": 2}}
{"timestamp_utc": "2026-03-17T12:30:10.845737+00:00", "institution_id": "BNK-HDFC", "event_type": "LOGIN_SUCCESS", "payload_hash": -503290143644825460, "data": {"role": "admin", "mfa_verified": true}}
{"timestamp_utc": "2026-03-17T13:57:16.132943+00:00", "institution_id": "BNK-HDFC", "event_type": "LOGIN_SUCCESS", "payload_hash": -503290143644825460, "data": {"role": "admin", "mfa_verified": true}}
{"timestamp_utc": "2026-03-17T14:05:32.306344+00:00", "institution_id": "BNK-HDFC", "event_type": "LOGIN_SUCCESS", "payload_hash": -503290143644825460, "data": {"role": "admin", "mfa_verified": true}}
{"timestamp_utc": "2026-03-17T14:21:46.030961+00:00", "institution_id": "BNK-HDFC", "event_type": "PSI_INTERSECTION_EXECUTED", "payload_hash": 5568067326194068142, "data": {"match_count": 2}}
{"timestamp_utc": "2026-03-17T16:47:28.643147+00:00", "institution_id": "SYSTEM", "event_type": "EPOCH_ROTATION", "payload_hash": 390169094378582393, "data": {"status": "New epoch key generated for zero-knowledge masking"}}
{"timestamp_utc": "2026-03-17T16:50:48.263916+00:00", "institution_id": "BNK-HDFC", "event_type": "LOGIN_SUCCESS", "payload_hash": 746483036220532113, "data": {"role": "admin", "mfa_verified": true}}
{"timestamp_utc": "2026-03-17T17:21:45.131423+00:00", "institution_id": "BNK-HDFC", "event_type": "LOGIN_SUCCESS", "payload_hash": 5419135114631157377, "data": {"role": "admin", "mfa_verified": true}}
{"timestamp_utc": "2026-03-17T18:05:17.182253+00:00", "institution_id": "BNK-HDFC", "event_type": "LOGIN_SUCCESS", "payload_hash": 4693701457329464245, "data": {"role": "admin", "mfa_verified": true}}
{"timestamp_utc": "2026-03-17T19:18:36.944952+00:00", "institution_id": "SYSTEM", "event_type": "EPOCH_ROTATION", "payload_hash": -8547037713777098941, "data": {"status": "New epoch key generated for zero-knowledge masking"}}
{"timestamp_utc": "2026-03-17T19:28:29.316487+00:00", "institution_id": "BNK-HDFC", "event_type": "LOGIN_SUCCESS", "payload_hash": -2231323394933373787, "data": {"role": "admin", "mfa_verified": true}}
{"timestamp_utc": "2026-03-17T19:29:10.464094+00:00", "institution_id": "BNK-HDFC", "event_type": "PSI_INTERSECTION_EXECUTED", "payload_hash": 3152107427316967733, "data": {"match_count": 2}}
{"timestamp_utc": "2026-03-17T19:32:47.837525+00:00", "institution_id": "SYSTEM", "event_type": "EPOCH_ROTATION", "payload_hash": -4717777582749820476, "data": {"status": "New epoch key generated for zero-knowledge masking"}}
{"timestamp_utc": "2026-03-17T19:56:15.760539+00:00", "institution_id": "BNK-HDFC", "event_type": "LOGIN_SUCCESS", "payload_hash": -2231323394933373787, "data": {"role": "admin", "mfa_verified": true}}
{"timestamp_utc": "2026-03-18T00:20:20.570861+00:00", "institution_id": "BNK-HDFC", "event_type": "LOGIN_SUCCESS", "payload_hash": 1954040435909833928, "data": {"role": "admin", "mfa_verified": true}}
{"timestamp_utc": "2026-03-18T01:20:58.389212+00:00", "institution_id": "BNK-HDFC", "event_type": "LOGIN_SUCCESS", "payload_hash": 2539697296926371157, "data": {"role": "admin", "mfa_verified": true}}
{"timestamp_utc": "2026-03-18T03:23:02.635858+00:00", "institution_id": "BNK-HDFC", "event_type": "LOGIN_SUCCESS", "payload_hash": 8100741072984365449, "data": {"role": "admin", "mfa_verified": true}}
{"timestamp_utc": "2026-03-18T03:46:06.927238+00:00", "institution_id": "BNK-HDFC", "event_type": "LOGIN_SUCCESS", "payload_hash": 8100741072984365449, "data": {"role": "admin", "mfa_verified": true}}
{"timestamp_utc": "2026-03-18T03:49:47.278352+00:00", "institution_id": "BNK-HDFC", "event_type": "PSI_INTERSECTION_EXECUTED", "payload_hash": -6988998721694320939, "data": {"match_count": 2}}
{"timestamp_utc": "2026-03-18T08:31:53.442632+00:00", "institution_id": "SYSTEM", "event_type": "EPOCH_ROTATION", "payload_hash": -3951686689651525826, "data": {"status": "New epoch key generated for zero-knowledge masking"}}
{"timestamp_utc": "2026-03-18T15:02:18.032663+00:00", "institution_id": "SYSTEM", "event_type": "EPOCH_ROTATION", "payload_hash": -1570138952083211075, "data": {"status": "New epoch key generated for zero-knowledge masking"}}
{"timestamp_utc": "2026-03-18T15:51:49.739817+00:00", "institution_id": "SYSTEM", "event_type": "EPOCH_ROTATION", "payload_hash": -7850282892060849183, "data": {"status": "New epoch key generated for zero-knowledge masking"}}
{"timestamp_utc": "2026-03-18T15:58:07.906731+00:00", "institution_id": "SYSTEM", "event_type": "EPOCH_ROTATION", "payload_hash": 2560364153068846501, "data": {"status": "New epoch key generated for zero-knowledge masking"}}
{"timestamp_utc": "2026-03-18T16:19:07.843233+00:00", "institution_id": "BNK-HDFC", "event_type": "LOGIN_SUCCESS", "payload_hash": -8943262788444631046, "data": {"role": "admin", "mfa_verified": true}}
